<?xml version="1.0" encoding="UTF-8"?>
<!-- Generated by org.testng.reporters.JUnitXMLReporter -->
<testsuite hostname="DESKTOP-35O655N" name="Default test" tests="4" failures="0" timestamp="4 Jun 2020 13:56:06 GMT" time="0.15" errors="0">
  <testcase name="div" time="0.065" classname="mavenTest.maventest.DemoTest"/>
  <testcase name="multi" time="0.002" classname="mavenTest.maventest.DemoTest"/>
  <testcase name="sub" time="0.004" classname="mavenTest.maventest.DemoTest"/>
  <testcase name="sum" time="0.002" classname="mavenTest.maventest.DemoTest"/>
</testsuite> <!-- Default test -->
