<?xml version="1.0" encoding="UTF-8"?>
<testng-results skipped="0" failed="0" total="4" passed="4">
  <reporter-output>
  </reporter-output>
  <suite name="Default suite" duration-ms="150" started-at="2020-06-04T13:56:05Z" finished-at="2020-06-04T13:56:05Z">
    <groups>
    </groups>
    <test name="Default test" duration-ms="150" started-at="2020-06-04T13:56:05Z" finished-at="2020-06-04T13:56:05Z">
      <class name="mavenTest.maventest.DemoTest">
        <test-method status="PASS" signature="div()[pri:0, instance:mavenTest.maventest.DemoTest@6328d34a]" name="div" duration-ms="65" started-at="2020-06-04T19:26:05Z" finished-at="2020-06-04T19:26:05Z">
          <reporter-output>
          </reporter-output>
        </test-method> <!-- div -->
        <test-method status="PASS" signature="multi()[pri:0, instance:mavenTest.maventest.DemoTest@6328d34a]" name="multi" duration-ms="2" started-at="2020-06-04T19:26:05Z" finished-at="2020-06-04T19:26:05Z">
          <reporter-output>
          </reporter-output>
        </test-method> <!-- multi -->
        <test-method status="PASS" signature="sub()[pri:0, instance:mavenTest.maventest.DemoTest@6328d34a]" name="sub" duration-ms="4" started-at="2020-06-04T19:26:05Z" finished-at="2020-06-04T19:26:05Z">
          <reporter-output>
          </reporter-output>
        </test-method> <!-- sub -->
        <test-method status="PASS" signature="sum()[pri:0, instance:mavenTest.maventest.DemoTest@6328d34a]" name="sum" duration-ms="2" started-at="2020-06-04T19:26:05Z" finished-at="2020-06-04T19:26:05Z">
          <reporter-output>
          </reporter-output>
        </test-method> <!-- sum -->
      </class> <!-- mavenTest.maventest.DemoTest -->
    </test> <!-- Default test -->
  </suite> <!-- Default suite -->
</testng-results>
